CRITICAL - 2021-06-09 00:06:46 --> Undefined variable: id
#0 E:\wamp64\www\sldc\app\Views\productsCategoryView.php(54): CodeIgniter\Debug\Exceptions->errorHandler(8, 'Undefined varia...', 'E:\\wamp64\\www\\s...', 54, Array)
#1 E:\wamp64\www\sldc\system\View\View.php(230): include('E:\\wamp64\\www\\s...')
#2 E:\wamp64\www\sldc\system\View\View.php(232): CodeIgniter\View\View->CodeIgniter\View\{closure}()
#3 E:\wamp64\www\sldc\system\Common.php(1250): CodeIgniter\View\View->render('productsCategor...', Array, true)
#4 E:\wamp64\www\sldc\app\Controllers\Products.php(20): view('productsCategor...', Array)
#5 E:\wamp64\www\sldc\system\CodeIgniter.php(931): App\Controllers\Products->category('Rapid Cards')
#6 E:\wamp64\www\sldc\system\CodeIgniter.php(439): CodeIgniter\CodeIgniter->runController(Object(App\Controllers\Products))
#7 E:\wamp64\www\sldc\system\CodeIgniter.php(339): CodeIgniter\CodeIgniter->handleRequest(NULL, Object(Config\Cache), false)
#8 E:\wamp64\www\sldc\public\index.php(36): CodeIgniter\CodeIgniter->run()
#9 {main}
CRITICAL - 2021-06-09 00:07:02 --> Undefined variable: id
#0 E:\wamp64\www\sldc\app\Views\productsCategoryView.php(54): CodeIgniter\Debug\Exceptions->errorHandler(8, 'Undefined varia...', 'E:\\wamp64\\www\\s...', 54, Array)
#1 E:\wamp64\www\sldc\system\View\View.php(230): include('E:\\wamp64\\www\\s...')
#2 E:\wamp64\www\sldc\system\View\View.php(232): CodeIgniter\View\View->CodeIgniter\View\{closure}()
#3 E:\wamp64\www\sldc\system\Common.php(1250): CodeIgniter\View\View->render('productsCategor...', Array, true)
#4 E:\wamp64\www\sldc\app\Controllers\Products.php(20): view('productsCategor...', Array)
#5 E:\wamp64\www\sldc\system\CodeIgniter.php(931): App\Controllers\Products->category('Rapid Cards')
#6 E:\wamp64\www\sldc\system\CodeIgniter.php(439): CodeIgniter\CodeIgniter->runController(Object(App\Controllers\Products))
#7 E:\wamp64\www\sldc\system\CodeIgniter.php(339): CodeIgniter\CodeIgniter->handleRequest(NULL, Object(Config\Cache), false)
#8 E:\wamp64\www\sldc\public\index.php(36): CodeIgniter\CodeIgniter->run()
#9 {main}
CRITICAL - 2021-06-09 00:07:22 --> Invalid file: productView.php
#0 E:\wamp64\www\sldc\system\View\View.php(213): CodeIgniter\Exceptions\FrameworkException::forInvalidFile('productView.php')
#1 E:\wamp64\www\sldc\system\Common.php(1250): CodeIgniter\View\View->render('productView', Array, true)
#2 E:\wamp64\www\sldc\app\Controllers\Products.php(34): view('productView', Array)
#3 E:\wamp64\www\sldc\system\CodeIgniter.php(931): App\Controllers\Products->product('48')
#4 E:\wamp64\www\sldc\system\CodeIgniter.php(439): CodeIgniter\CodeIgniter->runController(Object(App\Controllers\Products))
#5 E:\wamp64\www\sldc\system\CodeIgniter.php(339): CodeIgniter\CodeIgniter->handleRequest(NULL, Object(Config\Cache), false)
#6 E:\wamp64\www\sldc\public\index.php(36): CodeIgniter\CodeIgniter->run()
#7 {main}
CRITICAL - 2021-06-09 00:08:49 --> Invalid file: productView.php
#0 E:\wamp64\www\sldc\system\View\View.php(213): CodeIgniter\Exceptions\FrameworkException::forInvalidFile('productView.php')
#1 E:\wamp64\www\sldc\system\Common.php(1250): CodeIgniter\View\View->render('productView', Array, true)
#2 E:\wamp64\www\sldc\app\Controllers\Products.php(34): view('productView', Array)
#3 E:\wamp64\www\sldc\system\CodeIgniter.php(931): App\Controllers\Products->product('60')
#4 E:\wamp64\www\sldc\system\CodeIgniter.php(439): CodeIgniter\CodeIgniter->runController(Object(App\Controllers\Products))
#5 E:\wamp64\www\sldc\system\CodeIgniter.php(339): CodeIgniter\CodeIgniter->handleRequest(NULL, Object(Config\Cache), false)
#6 E:\wamp64\www\sldc\public\index.php(36): CodeIgniter\CodeIgniter->run()
#7 {main}
CRITICAL - 2021-06-09 00:09:22 --> Invalid file: productView.php
#0 E:\wamp64\www\sldc\system\View\View.php(213): CodeIgniter\Exceptions\FrameworkException::forInvalidFile('productView.php')
#1 E:\wamp64\www\sldc\system\Common.php(1250): CodeIgniter\View\View->render('productView', Array, true)
#2 E:\wamp64\www\sldc\app\Controllers\Products.php(34): view('productView', Array)
#3 E:\wamp64\www\sldc\system\CodeIgniter.php(931): App\Controllers\Products->product('60')
#4 E:\wamp64\www\sldc\system\CodeIgniter.php(439): CodeIgniter\CodeIgniter->runController(Object(App\Controllers\Products))
#5 E:\wamp64\www\sldc\system\CodeIgniter.php(339): CodeIgniter\CodeIgniter->handleRequest(NULL, Object(Config\Cache), false)
#6 E:\wamp64\www\sldc\public\index.php(36): CodeIgniter\CodeIgniter->run()
#7 {main}
ERROR - 2021-06-09 00:15:45 --> Unknown column 'subcategorycategory' in 'where clause'
CRITICAL - 2021-06-09 00:15:45 --> Unknown column 'subcategorycategory' in 'where clause'
#0 E:\wamp64\www\sldc\system\Database\MySQLi\Connection.php(329): mysqli->query('SELECT *\nFROM `...')
#1 E:\wamp64\www\sldc\system\Database\BaseConnection.php(732): CodeIgniter\Database\MySQLi\Connection->execute('SELECT *\nFROM `...')
#2 E:\wamp64\www\sldc\system\Database\BaseConnection.php(647): CodeIgniter\Database\BaseConnection->simpleQuery('SELECT *\nFROM `...')
#3 E:\wamp64\www\sldc\system\Database\BaseBuilder.php(1881): CodeIgniter\Database\BaseConnection->query('SELECT *\nFROM `...', Array, false)
#4 E:\wamp64\www\sldc\app\Models\ProductsModel.php(21): CodeIgniter\Database\BaseBuilder->get()
#5 E:\wamp64\www\sldc\app\Controllers\Products.php(19): App\Models\ProductsModel->getCategoryProducts('Accessories')
#6 E:\wamp64\www\sldc\system\CodeIgniter.php(931): App\Controllers\Products->category('Accessories')
#7 E:\wamp64\www\sldc\system\CodeIgniter.php(439): CodeIgniter\CodeIgniter->runController(Object(App\Controllers\Products))
#8 E:\wamp64\www\sldc\system\CodeIgniter.php(339): CodeIgniter\CodeIgniter->handleRequest(NULL, Object(Config\Cache), false)
#9 E:\wamp64\www\sldc\public\index.php(36): CodeIgniter\CodeIgniter->run()
#10 {main}
CRITICAL - 2021-06-09 01:51:06 --> Invalid file: productView.php
#0 E:\wamp64\www\sldc\system\View\View.php(213): CodeIgniter\Exceptions\FrameworkException::forInvalidFile('productView.php')
#1 E:\wamp64\www\sldc\system\Common.php(1250): CodeIgniter\View\View->render('productView', Array, true)
#2 E:\wamp64\www\sldc\app\Controllers\Products.php(34): view('productView', Array)
#3 E:\wamp64\www\sldc\system\CodeIgniter.php(931): App\Controllers\Products->product('181')
#4 E:\wamp64\www\sldc\system\CodeIgniter.php(439): CodeIgniter\CodeIgniter->runController(Object(App\Controllers\Products))
#5 E:\wamp64\www\sldc\system\CodeIgniter.php(339): CodeIgniter\CodeIgniter->handleRequest(NULL, Object(Config\Cache), false)
#6 E:\wamp64\www\sldc\public\index.php(36): CodeIgniter\CodeIgniter->run()
#7 {main}
CRITICAL - 2021-06-09 01:51:53 --> Invalid file: productView.php
#0 E:\wamp64\www\sldc\system\View\View.php(213): CodeIgniter\Exceptions\FrameworkException::forInvalidFile('productView.php')
#1 E:\wamp64\www\sldc\system\Common.php(1250): CodeIgniter\View\View->render('productView', Array, true)
#2 E:\wamp64\www\sldc\app\Controllers\Products.php(34): view('productView', Array)
#3 E:\wamp64\www\sldc\system\CodeIgniter.php(931): App\Controllers\Products->product('181')
#4 E:\wamp64\www\sldc\system\CodeIgniter.php(439): CodeIgniter\CodeIgniter->runController(Object(App\Controllers\Products))
#5 E:\wamp64\www\sldc\system\CodeIgniter.php(339): CodeIgniter\CodeIgniter->handleRequest(NULL, Object(Config\Cache), false)
#6 E:\wamp64\www\sldc\public\index.php(36): CodeIgniter\CodeIgniter->run()
#7 {main}
CRITICAL - 2021-06-09 02:06:17 --> Undefined variable: subCategory
#0 E:\wamp64\www\sldc\app\Controllers\Products.php(26): CodeIgniter\Debug\Exceptions->errorHandler(8, 'Undefined varia...', 'E:\\wamp64\\www\\s...', 26, Array)
#1 E:\wamp64\www\sldc\system\CodeIgniter.php(931): App\Controllers\Products->subCategory('Urine strips')
#2 E:\wamp64\www\sldc\system\CodeIgniter.php(439): CodeIgniter\CodeIgniter->runController(Object(App\Controllers\Products))
#3 E:\wamp64\www\sldc\system\CodeIgniter.php(339): CodeIgniter\CodeIgniter->handleRequest(NULL, Object(Config\Cache), false)
#4 E:\wamp64\www\sldc\public\index.php(36): CodeIgniter\CodeIgniter->run()
#5 {main}
CRITICAL - 2021-06-09 02:06:24 --> Undefined variable: subCategory
#0 E:\wamp64\www\sldc\app\Controllers\Products.php(26): CodeIgniter\Debug\Exceptions->errorHandler(8, 'Undefined varia...', 'E:\\wamp64\\www\\s...', 26, Array)
#1 E:\wamp64\www\sldc\system\CodeIgniter.php(931): App\Controllers\Products->subCategory('Urine strips')
#2 E:\wamp64\www\sldc\system\CodeIgniter.php(439): CodeIgniter\CodeIgniter->runController(Object(App\Controllers\Products))
#3 E:\wamp64\www\sldc\system\CodeIgniter.php(339): CodeIgniter\CodeIgniter->handleRequest(NULL, Object(Config\Cache), false)
#4 E:\wamp64\www\sldc\public\index.php(36): CodeIgniter\CodeIgniter->run()
#5 {main}
CRITICAL - 2021-06-09 02:06:43 --> whereNotIn() expects $values to be of type array or closure
#0 E:\wamp64\www\sldc\system\Database\BaseBuilder.php(905): CodeIgniter\Database\BaseBuilder->_whereIn('subcategory', '', true, 'AND ', NULL)
#1 E:\wamp64\www\sldc\app\Models\ProductsModel.php(32): CodeIgniter\Database\BaseBuilder->whereNotIn('subcategory', '')
#2 E:\wamp64\www\sldc\app\Controllers\Products.php(26): App\Models\ProductsModel->getSubCategoryProducts('Urine strips')
#3 E:\wamp64\www\sldc\system\CodeIgniter.php(931): App\Controllers\Products->subCategory('Urine strips')
#4 E:\wamp64\www\sldc\system\CodeIgniter.php(439): CodeIgniter\CodeIgniter->runController(Object(App\Controllers\Products))
#5 E:\wamp64\www\sldc\system\CodeIgniter.php(339): CodeIgniter\CodeIgniter->handleRequest(NULL, Object(Config\Cache), false)
#6 E:\wamp64\www\sldc\public\index.php(36): CodeIgniter\CodeIgniter->run()
#7 {main}
CRITICAL - 2021-06-09 02:08:16 --> whereNotIn() expects $values to be of type array or closure
#0 E:\wamp64\www\sldc\system\Database\BaseBuilder.php(905): CodeIgniter\Database\BaseBuilder->_whereIn('subcategory', '', true, 'AND ', NULL)
#1 E:\wamp64\www\sldc\app\Models\ProductsModel.php(31): CodeIgniter\Database\BaseBuilder->whereNotIn('subcategory', '')
#2 E:\wamp64\www\sldc\app\Controllers\Products.php(27): App\Models\ProductsModel->getSubCategoryProducts('')
#3 E:\wamp64\www\sldc\system\CodeIgniter.php(931): App\Controllers\Products->subCategory('Reagents')
#4 E:\wamp64\www\sldc\system\CodeIgniter.php(439): CodeIgniter\CodeIgniter->runController(Object(App\Controllers\Products))
#5 E:\wamp64\www\sldc\system\CodeIgniter.php(339): CodeIgniter\CodeIgniter->handleRequest(NULL, Object(Config\Cache), false)
#6 E:\wamp64\www\sldc\public\index.php(36): CodeIgniter\CodeIgniter->run()
#7 {main}
