CRITICAL - 2021-06-21 18:36:56 --> Invalid file: addTrainingStudentView.php
#0 C:\wamp64\www\maylancertechios\system\View\View.php(213): CodeIgniter\Exceptions\FrameworkException::forInvalidFile('addTrainingStud...')
#1 C:\wamp64\www\maylancertechios\system\Common.php(1250): CodeIgniter\View\View->render('addTrainingStud...', Array, true)
#2 C:\wamp64\www\maylancertechios\app\Controllers\AddTrainingStudent.php(8): view('addTrainingStud...')
#3 C:\wamp64\www\maylancertechios\system\CodeIgniter.php(931): App\Controllers\AddTrainingStudent->index()
#4 C:\wamp64\www\maylancertechios\system\CodeIgniter.php(439): CodeIgniter\CodeIgniter->runController(Object(App\Controllers\AddTrainingStudent))
#5 C:\wamp64\www\maylancertechios\system\CodeIgniter.php(339): CodeIgniter\CodeIgniter->handleRequest(NULL, Object(Config\Cache), false)
#6 C:\wamp64\www\maylancertechios\public\index.php(36): CodeIgniter\CodeIgniter->run()
#7 {main}
CRITICAL - 2021-06-21 18:38:52 --> Invalid file: addTrainingStudentView.php
#0 C:\wamp64\www\maylancertechios\system\View\View.php(213): CodeIgniter\Exceptions\FrameworkException::forInvalidFile('addTrainingStud...')
#1 C:\wamp64\www\maylancertechios\system\Common.php(1250): CodeIgniter\View\View->render('addTrainingStud...', Array, true)
#2 C:\wamp64\www\maylancertechios\app\Controllers\AddTrainingStudent.php(8): view('addTrainingStud...')
#3 C:\wamp64\www\maylancertechios\system\CodeIgniter.php(931): App\Controllers\AddTrainingStudent->index()
#4 C:\wamp64\www\maylancertechios\system\CodeIgniter.php(439): CodeIgniter\CodeIgniter->runController(Object(App\Controllers\AddTrainingStudent))
#5 C:\wamp64\www\maylancertechios\system\CodeIgniter.php(339): CodeIgniter\CodeIgniter->handleRequest(NULL, Object(Config\Cache), false)
#6 C:\wamp64\www\maylancertechios\public\index.php(36): CodeIgniter\CodeIgniter->run()
#7 {main}
CRITICAL - 2021-06-21 18:40:44 --> Invalid file: addTrainingStudentView.php
#0 C:\wamp64\www\maylancertechios\system\View\View.php(213): CodeIgniter\Exceptions\FrameworkException::forInvalidFile('addTrainingStud...')
#1 C:\wamp64\www\maylancertechios\system\Common.php(1250): CodeIgniter\View\View->render('addTrainingStud...', Array, true)
#2 C:\wamp64\www\maylancertechios\app\Controllers\AddTrainingStudent.php(8): view('addTrainingStud...')
#3 C:\wamp64\www\maylancertechios\system\CodeIgniter.php(931): App\Controllers\AddTrainingStudent->index()
#4 C:\wamp64\www\maylancertechios\system\CodeIgniter.php(439): CodeIgniter\CodeIgniter->runController(Object(App\Controllers\AddTrainingStudent))
#5 C:\wamp64\www\maylancertechios\system\CodeIgniter.php(339): CodeIgniter\CodeIgniter->handleRequest(NULL, Object(Config\Cache), false)
#6 C:\wamp64\www\maylancertechios\public\index.php(36): CodeIgniter\CodeIgniter->run()
#7 {main}
CRITICAL - 2021-06-21 18:42:45 --> Invalid file: addTrainingStudentView.php
#0 C:\wamp64\www\maylancertechios\system\View\View.php(213): CodeIgniter\Exceptions\FrameworkException::forInvalidFile('addTrainingStud...')
#1 C:\wamp64\www\maylancertechios\system\Common.php(1250): CodeIgniter\View\View->render('addTrainingStud...', Array, true)
#2 C:\wamp64\www\maylancertechios\app\Controllers\AddTrainingStudent.php(8): view('addTrainingStud...')
#3 C:\wamp64\www\maylancertechios\system\CodeIgniter.php(931): App\Controllers\AddTrainingStudent->index()
#4 C:\wamp64\www\maylancertechios\system\CodeIgniter.php(439): CodeIgniter\CodeIgniter->runController(Object(App\Controllers\AddTrainingStudent))
#5 C:\wamp64\www\maylancertechios\system\CodeIgniter.php(339): CodeIgniter\CodeIgniter->handleRequest(NULL, Object(Config\Cache), false)
#6 C:\wamp64\www\maylancertechios\public\index.php(36): CodeIgniter\CodeIgniter->run()
#7 {main}
CRITICAL - 2021-06-21 18:44:03 --> Invalid file: addTrainingStudentView.php
#0 C:\wamp64\www\maylancertechios\system\View\View.php(213): CodeIgniter\Exceptions\FrameworkException::forInvalidFile('addTrainingStud...')
#1 C:\wamp64\www\maylancertechios\system\Common.php(1250): CodeIgniter\View\View->render('addTrainingStud...', Array, true)
#2 C:\wamp64\www\maylancertechios\app\Controllers\AddTrainingStudent.php(8): view('addTrainingStud...')
#3 C:\wamp64\www\maylancertechios\system\CodeIgniter.php(931): App\Controllers\AddTrainingStudent->index()
#4 C:\wamp64\www\maylancertechios\system\CodeIgniter.php(439): CodeIgniter\CodeIgniter->runController(Object(App\Controllers\AddTrainingStudent))
#5 C:\wamp64\www\maylancertechios\system\CodeIgniter.php(339): CodeIgniter\CodeIgniter->handleRequest(NULL, Object(Config\Cache), false)
#6 C:\wamp64\www\maylancertechios\public\index.php(36): CodeIgniter\CodeIgniter->run()
#7 {main}
CRITICAL - 2021-06-21 21:17:24 --> Class 'app\Models\EmployeeModel' not found
#0 C:\wamp64\www\maylancertechios\system\CodeIgniter.php(931): App\Controllers\DeleteTrainingStudent->index()
#1 C:\wamp64\www\maylancertechios\system\CodeIgniter.php(439): CodeIgniter\CodeIgniter->runController(Object(App\Controllers\DeleteTrainingStudent))
#2 C:\wamp64\www\maylancertechios\system\CodeIgniter.php(339): CodeIgniter\CodeIgniter->handleRequest(NULL, Object(Config\Cache), false)
#3 C:\wamp64\www\maylancertechios\public\index.php(36): CodeIgniter\CodeIgniter->run()
#4 {main}
CRITICAL - 2021-06-21 21:18:18 --> Undefined property: stdClass::$name
#0 C:\wamp64\www\maylancertechios\app\Views\deleteTrainingStudentView.php(46): CodeIgniter\Debug\Exceptions->errorHandler(8, 'Undefined prope...', 'C:\\wamp64\\www\\m...', 46, Array)
#1 C:\wamp64\www\maylancertechios\system\View\View.php(230): include('C:\\wamp64\\www\\m...')
#2 C:\wamp64\www\maylancertechios\system\View\View.php(232): CodeIgniter\View\View->CodeIgniter\View\{closure}()
#3 C:\wamp64\www\maylancertechios\system\Common.php(1250): CodeIgniter\View\View->render('deleteTrainingS...', Array, true)
#4 C:\wamp64\www\maylancertechios\app\Controllers\DeleteTrainingStudent.php(13): view('deleteTrainingS...', Array)
#5 C:\wamp64\www\maylancertechios\system\CodeIgniter.php(931): App\Controllers\DeleteTrainingStudent->index()
#6 C:\wamp64\www\maylancertechios\system\CodeIgniter.php(439): CodeIgniter\CodeIgniter->runController(Object(App\Controllers\DeleteTrainingStudent))
#7 C:\wamp64\www\maylancertechios\system\CodeIgniter.php(339): CodeIgniter\CodeIgniter->handleRequest(NULL, Object(Config\Cache), false)
#8 C:\wamp64\www\maylancertechios\public\index.php(36): CodeIgniter\CodeIgniter->run()
#9 {main}
CRITICAL - 2021-06-21 21:19:22 --> Undefined property: stdClass::$name
#0 C:\wamp64\www\maylancertechios\app\Views\deleteTrainingStudentView.php(45): CodeIgniter\Debug\Exceptions->errorHandler(8, 'Undefined prope...', 'C:\\wamp64\\www\\m...', 45, Array)
#1 C:\wamp64\www\maylancertechios\system\View\View.php(230): include('C:\\wamp64\\www\\m...')
#2 C:\wamp64\www\maylancertechios\system\View\View.php(232): CodeIgniter\View\View->CodeIgniter\View\{closure}()
#3 C:\wamp64\www\maylancertechios\system\Common.php(1250): CodeIgniter\View\View->render('deleteTrainingS...', Array, true)
#4 C:\wamp64\www\maylancertechios\app\Controllers\DeleteTrainingStudent.php(13): view('deleteTrainingS...', Array)
#5 C:\wamp64\www\maylancertechios\system\CodeIgniter.php(931): App\Controllers\DeleteTrainingStudent->index()
#6 C:\wamp64\www\maylancertechios\system\CodeIgniter.php(439): CodeIgniter\CodeIgniter->runController(Object(App\Controllers\DeleteTrainingStudent))
#7 C:\wamp64\www\maylancertechios\system\CodeIgniter.php(339): CodeIgniter\CodeIgniter->handleRequest(NULL, Object(Config\Cache), false)
#8 C:\wamp64\www\maylancertechios\public\index.php(36): CodeIgniter\CodeIgniter->run()
#9 {main}
CRITICAL - 2021-06-21 21:20:40 --> Undefined property: stdClass::$name
#0 C:\wamp64\www\maylancertechios\app\Views\deleteTrainingStudentView.php(42): CodeIgniter\Debug\Exceptions->errorHandler(8, 'Undefined prope...', 'C:\\wamp64\\www\\m...', 42, Array)
#1 C:\wamp64\www\maylancertechios\system\View\View.php(230): include('C:\\wamp64\\www\\m...')
#2 C:\wamp64\www\maylancertechios\system\View\View.php(232): CodeIgniter\View\View->CodeIgniter\View\{closure}()
#3 C:\wamp64\www\maylancertechios\system\Common.php(1250): CodeIgniter\View\View->render('deleteTrainingS...', Array, true)
#4 C:\wamp64\www\maylancertechios\app\Controllers\DeleteTrainingStudent.php(13): view('deleteTrainingS...', Array)
#5 C:\wamp64\www\maylancertechios\system\CodeIgniter.php(931): App\Controllers\DeleteTrainingStudent->index()
#6 C:\wamp64\www\maylancertechios\system\CodeIgniter.php(439): CodeIgniter\CodeIgniter->runController(Object(App\Controllers\DeleteTrainingStudent))
#7 C:\wamp64\www\maylancertechios\system\CodeIgniter.php(339): CodeIgniter\CodeIgniter->handleRequest(NULL, Object(Config\Cache), false)
#8 C:\wamp64\www\maylancertechios\public\index.php(36): CodeIgniter\CodeIgniter->run()
#9 {main}
CRITICAL - 2021-06-21 21:40:35 --> Undefined property: stdClass::$name
#0 C:\wamp64\www\maylancertechios\app\Views\deleteTrainingStudentView.php(42): CodeIgniter\Debug\Exceptions->errorHandler(8, 'Undefined prope...', 'C:\\wamp64\\www\\m...', 42, Array)
#1 C:\wamp64\www\maylancertechios\system\View\View.php(230): include('C:\\wamp64\\www\\m...')
#2 C:\wamp64\www\maylancertechios\system\View\View.php(232): CodeIgniter\View\View->CodeIgniter\View\{closure}()
#3 C:\wamp64\www\maylancertechios\system\Common.php(1250): CodeIgniter\View\View->render('deleteTrainingS...', Array, true)
#4 C:\wamp64\www\maylancertechios\app\Controllers\DeleteTrainingStudent.php(13): view('deleteTrainingS...', Array)
#5 C:\wamp64\www\maylancertechios\system\CodeIgniter.php(931): App\Controllers\DeleteTrainingStudent->index()
#6 C:\wamp64\www\maylancertechios\system\CodeIgniter.php(439): CodeIgniter\CodeIgniter->runController(Object(App\Controllers\DeleteTrainingStudent))
#7 C:\wamp64\www\maylancertechios\system\CodeIgniter.php(339): CodeIgniter\CodeIgniter->handleRequest(NULL, Object(Config\Cache), false)
#8 C:\wamp64\www\maylancertechios\public\index.php(36): CodeIgniter\CodeIgniter->run()
#9 {main}
