CRITICAL - 2021-06-03 17:51:44 --> syntax error, unexpected 'Services' (T_STRING)
#0 C:\wamp64\www\maylancertechios\system\View\View.php(232): CodeIgniter\View\View->CodeIgniter\View\{closure}()
#1 C:\wamp64\www\maylancertechios\system\Common.php(1250): CodeIgniter\View\View->render('addEmployeeView', Array, true)
#2 C:\wamp64\www\maylancertechios\app\Controllers\AddEmployee.php(8): view('addEmployeeView')
#3 C:\wamp64\www\maylancertechios\system\CodeIgniter.php(931): App\Controllers\AddEmployee->index()
#4 C:\wamp64\www\maylancertechios\system\CodeIgniter.php(439): CodeIgniter\CodeIgniter->runController(Object(App\Controllers\AddEmployee))
#5 C:\wamp64\www\maylancertechios\system\CodeIgniter.php(339): CodeIgniter\CodeIgniter->handleRequest(NULL, Object(Config\Cache), false)
#6 C:\wamp64\www\maylancertechios\public\index.php(36): CodeIgniter\CodeIgniter->run()
#7 {main}
CRITICAL - 2021-06-03 17:53:57 --> syntax error, unexpected 'Services' (T_STRING)
#0 C:\wamp64\www\maylancertechios\system\View\View.php(232): CodeIgniter\View\View->CodeIgniter\View\{closure}()
#1 C:\wamp64\www\maylancertechios\system\Common.php(1250): CodeIgniter\View\View->render('addEmployeeView', Array, true)
#2 C:\wamp64\www\maylancertechios\app\Controllers\AddEmployee.php(8): view('addEmployeeView')
#3 C:\wamp64\www\maylancertechios\system\CodeIgniter.php(931): App\Controllers\AddEmployee->index()
#4 C:\wamp64\www\maylancertechios\system\CodeIgniter.php(439): CodeIgniter\CodeIgniter->runController(Object(App\Controllers\AddEmployee))
#5 C:\wamp64\www\maylancertechios\system\CodeIgniter.php(339): CodeIgniter\CodeIgniter->handleRequest(NULL, Object(Config\Cache), false)
#6 C:\wamp64\www\maylancertechios\public\index.php(36): CodeIgniter\CodeIgniter->run()
#7 {main}
CRITICAL - 2021-06-03 17:54:20 --> Undefined variable: validation
#0 C:\wamp64\www\maylancertechios\app\Views\addEmployeeView.php(20): CodeIgniter\Debug\Exceptions->errorHandler(8, 'Undefined varia...', 'C:\\wamp64\\www\\m...', 20, Array)
#1 C:\wamp64\www\maylancertechios\system\View\View.php(230): include('C:\\wamp64\\www\\m...')
#2 C:\wamp64\www\maylancertechios\system\View\View.php(232): CodeIgniter\View\View->CodeIgniter\View\{closure}()
#3 C:\wamp64\www\maylancertechios\system\Common.php(1250): CodeIgniter\View\View->render('addEmployeeView', Array, true)
#4 C:\wamp64\www\maylancertechios\app\Controllers\AddEmployee.php(8): view('addEmployeeView')
#5 C:\wamp64\www\maylancertechios\system\CodeIgniter.php(931): App\Controllers\AddEmployee->index()
#6 C:\wamp64\www\maylancertechios\system\CodeIgniter.php(439): CodeIgniter\CodeIgniter->runController(Object(App\Controllers\AddEmployee))
#7 C:\wamp64\www\maylancertechios\system\CodeIgniter.php(339): CodeIgniter\CodeIgniter->handleRequest(NULL, Object(Config\Cache), false)
#8 C:\wamp64\www\maylancertechios\public\index.php(36): CodeIgniter\CodeIgniter->run()
#9 {main}
CRITICAL - 2021-06-03 23:23:44 --> syntax error, unexpected ''errors'' (T_CONSTANT_ENCAPSED_STRING), expecting ']'
#0 C:\wamp64\www\maylancertechios\system\Router\Router.php(169): CodeIgniter\Router\Router->autoRoute('/addemployee/su...')
#1 C:\wamp64\www\maylancertechios\system\CodeIgniter.php(812): CodeIgniter\Router\Router->handle('/addemployee/su...')
#2 C:\wamp64\www\maylancertechios\system\CodeIgniter.php(392): CodeIgniter\CodeIgniter->tryToRouteIt(Object(CodeIgniter\Router\RouteCollection))
#3 C:\wamp64\www\maylancertechios\system\CodeIgniter.php(339): CodeIgniter\CodeIgniter->handleRequest(NULL, Object(Config\Cache), false)
#4 C:\wamp64\www\maylancertechios\public\index.php(36): CodeIgniter\CodeIgniter->run()
#5 {main}
CRITICAL - 2021-06-03 23:27:32 --> preg_match() expects parameter 2 to be string, array given
#0 [internal function]: CodeIgniter\Debug\Exceptions->errorHandler(2, 'preg_match() ex...', 'C:\\wamp64\\www\\m...', 285, Array)
#1 C:\wamp64\www\maylancertechios\system\Validation\Validation.php(285): preg_match('/(.*?)\\[(.*)\\]/', Array, NULL)
#2 C:\wamp64\www\maylancertechios\system\Validation\Validation.php(159): CodeIgniter\Validation\Validation->processRules('0', '0', NULL, Array, Array)
#3 C:\wamp64\www\maylancertechios\app\Controllers\AddEmployee.php(106): CodeIgniter\Validation\Validation->run(Array)
#4 C:\wamp64\www\maylancertechios\system\CodeIgniter.php(931): App\Controllers\AddEmployee->submit()
#5 C:\wamp64\www\maylancertechios\system\CodeIgniter.php(439): CodeIgniter\CodeIgniter->runController(Object(App\Controllers\AddEmployee))
#6 C:\wamp64\www\maylancertechios\system\CodeIgniter.php(339): CodeIgniter\CodeIgniter->handleRequest(NULL, Object(Config\Cache), false)
#7 C:\wamp64\www\maylancertechios\public\index.php(36): CodeIgniter\CodeIgniter->run()
#8 {main}
CRITICAL - 2021-06-03 23:27:49 --> preg_match() expects parameter 2 to be string, array given
#0 [internal function]: CodeIgniter\Debug\Exceptions->errorHandler(2, 'preg_match() ex...', 'C:\\wamp64\\www\\m...', 285, Array)
#1 C:\wamp64\www\maylancertechios\system\Validation\Validation.php(285): preg_match('/(.*?)\\[(.*)\\]/', Array, NULL)
#2 C:\wamp64\www\maylancertechios\system\Validation\Validation.php(159): CodeIgniter\Validation\Validation->processRules('0', '0', NULL, Array, Array)
#3 C:\wamp64\www\maylancertechios\app\Controllers\AddEmployee.php(106): CodeIgniter\Validation\Validation->run(Array)
#4 C:\wamp64\www\maylancertechios\system\CodeIgniter.php(931): App\Controllers\AddEmployee->submit()
#5 C:\wamp64\www\maylancertechios\system\CodeIgniter.php(439): CodeIgniter\CodeIgniter->runController(Object(App\Controllers\AddEmployee))
#6 C:\wamp64\www\maylancertechios\system\CodeIgniter.php(339): CodeIgniter\CodeIgniter->handleRequest(NULL, Object(Config\Cache), false)
#7 C:\wamp64\www\maylancertechios\public\index.php(36): CodeIgniter\CodeIgniter->run()
#8 {main}
CRITICAL - 2021-06-03 23:28:07 --> preg_match() expects parameter 2 to be string, array given
#0 [internal function]: CodeIgniter\Debug\Exceptions->errorHandler(2, 'preg_match() ex...', 'C:\\wamp64\\www\\m...', 285, Array)
#1 C:\wamp64\www\maylancertechios\system\Validation\Validation.php(285): preg_match('/(.*?)\\[(.*)\\]/', Array, NULL)
#2 C:\wamp64\www\maylancertechios\system\Validation\Validation.php(159): CodeIgniter\Validation\Validation->processRules('0', '0', NULL, Array, Array)
#3 C:\wamp64\www\maylancertechios\app\Controllers\AddEmployee.php(106): CodeIgniter\Validation\Validation->run(Array)
#4 C:\wamp64\www\maylancertechios\system\CodeIgniter.php(931): App\Controllers\AddEmployee->submit()
#5 C:\wamp64\www\maylancertechios\system\CodeIgniter.php(439): CodeIgniter\CodeIgniter->runController(Object(App\Controllers\AddEmployee))
#6 C:\wamp64\www\maylancertechios\system\CodeIgniter.php(339): CodeIgniter\CodeIgniter->handleRequest(NULL, Object(Config\Cache), false)
#7 C:\wamp64\www\maylancertechios\public\index.php(36): CodeIgniter\CodeIgniter->run()
#8 {main}
