CRITICAL - 2021-06-02 21:57:46 --> Class 'app\Models\EmployeeModel' not found
#0 C:\wamp64\www\maylancertechios\system\CodeIgniter.php(931): App\Controllers\DeleteEmployee->index()
#1 C:\wamp64\www\maylancertechios\system\CodeIgniter.php(439): CodeIgniter\CodeIgniter->runController(Object(App\Controllers\DeleteEmployee))
#2 C:\wamp64\www\maylancertechios\system\CodeIgniter.php(339): CodeIgniter\CodeIgniter->handleRequest(NULL, Object(Config\Cache), false)
#3 C:\wamp64\www\maylancertechios\public\index.php(36): CodeIgniter\CodeIgniter->run()
#4 {main}
CRITICAL - 2021-06-02 21:59:51 --> Undefined variable: data
#0 C:\wamp64\www\maylancertechios\app\Models\EmployeeModel.php(30): CodeIgniter\Debug\Exceptions->errorHandler(8, 'Undefined varia...', 'C:\\wamp64\\www\\m...', 30, Array)
#1 C:\wamp64\www\maylancertechios\app\Controllers\DeleteEmployee.php(20): app\Models\EmployeeModel->deleteEmployee('1')
#2 C:\wamp64\www\maylancertechios\system\CodeIgniter.php(931): App\Controllers\DeleteEmployee->submit()
#3 C:\wamp64\www\maylancertechios\system\CodeIgniter.php(439): CodeIgniter\CodeIgniter->runController(Object(App\Controllers\DeleteEmployee))
#4 C:\wamp64\www\maylancertechios\system\CodeIgniter.php(339): CodeIgniter\CodeIgniter->handleRequest(NULL, Object(Config\Cache), false)
#5 C:\wamp64\www\maylancertechios\public\index.php(36): CodeIgniter\CodeIgniter->run()
#6 {main}
CRITICAL - 2021-06-02 22:06:22 --> Undefined variable: data
#0 C:\wamp64\www\maylancertechios\app\Models\EmployeeModel.php(30): CodeIgniter\Debug\Exceptions->errorHandler(8, 'Undefined varia...', 'C:\\wamp64\\www\\m...', 30, Array)
#1 C:\wamp64\www\maylancertechios\app\Controllers\DeleteEmployee.php(20): app\Models\EmployeeModel->deleteEmployee('1')
#2 C:\wamp64\www\maylancertechios\system\CodeIgniter.php(931): App\Controllers\DeleteEmployee->submit()
#3 C:\wamp64\www\maylancertechios\system\CodeIgniter.php(439): CodeIgniter\CodeIgniter->runController(Object(App\Controllers\DeleteEmployee))
#4 C:\wamp64\www\maylancertechios\system\CodeIgniter.php(339): CodeIgniter\CodeIgniter->handleRequest(NULL, Object(Config\Cache), false)
#5 C:\wamp64\www\maylancertechios\public\index.php(36): CodeIgniter\CodeIgniter->run()
#6 {main}
ERROR - 2021-06-02 22:08:20 --> Unknown column 'employeedetails' in 'where clause'
CRITICAL - 2021-06-02 22:08:20 --> Unknown column 'employeedetails' in 'where clause'
#0 C:\wamp64\www\maylancertechios\system\Database\MySQLi\Connection.php(329): mysqli->query('DELETE FROM `em...')
#1 C:\wamp64\www\maylancertechios\system\Database\BaseConnection.php(732): CodeIgniter\Database\MySQLi\Connection->execute('DELETE FROM `em...')
#2 C:\wamp64\www\maylancertechios\system\Database\BaseConnection.php(647): CodeIgniter\Database\BaseConnection->simpleQuery('DELETE FROM `em...')
#3 C:\wamp64\www\maylancertechios\system\Database\BaseBuilder.php(2881): CodeIgniter\Database\BaseConnection->query('DELETE FROM `em...', Array, false)
#4 C:\wamp64\www\maylancertechios\app\Models\EmployeeModel.php(30): CodeIgniter\Database\BaseBuilder->delete('employeedetails')
#5 C:\wamp64\www\maylancertechios\app\Controllers\DeleteEmployee.php(20): app\Models\EmployeeModel->deleteEmployee('1')
#6 C:\wamp64\www\maylancertechios\system\CodeIgniter.php(931): App\Controllers\DeleteEmployee->submit()
#7 C:\wamp64\www\maylancertechios\system\CodeIgniter.php(439): CodeIgniter\CodeIgniter->runController(Object(App\Controllers\DeleteEmployee))
#8 C:\wamp64\www\maylancertechios\system\CodeIgniter.php(339): CodeIgniter\CodeIgniter->handleRequest(NULL, Object(Config\Cache), false)
#9 C:\wamp64\www\maylancertechios\public\index.php(36): CodeIgniter\CodeIgniter->run()
#10 {main}
CRITICAL - 2021-06-02 22:09:14 --> Undefined variable: data
#0 C:\wamp64\www\maylancertechios\app\Models\EmployeeModel.php(30): CodeIgniter\Debug\Exceptions->errorHandler(8, 'Undefined varia...', 'C:\\wamp64\\www\\m...', 30, Array)
#1 C:\wamp64\www\maylancertechios\app\Controllers\DeleteEmployee.php(20): app\Models\EmployeeModel->deleteEmployee('1')
#2 C:\wamp64\www\maylancertechios\system\CodeIgniter.php(931): App\Controllers\DeleteEmployee->submit()
#3 C:\wamp64\www\maylancertechios\system\CodeIgniter.php(439): CodeIgniter\CodeIgniter->runController(Object(App\Controllers\DeleteEmployee))
#4 C:\wamp64\www\maylancertechios\system\CodeIgniter.php(339): CodeIgniter\CodeIgniter->handleRequest(NULL, Object(Config\Cache), false)
#5 C:\wamp64\www\maylancertechios\public\index.php(36): CodeIgniter\CodeIgniter->run()
#6 {main}
CRITICAL - 2021-06-02 22:28:26 --> Class 'app\Models\EmployeeModel' not found
#0 C:\wamp64\www\maylancertechios\system\CodeIgniter.php(931): App\Controllers\ViewEmployee->index()
#1 C:\wamp64\www\maylancertechios\system\CodeIgniter.php(439): CodeIgniter\CodeIgniter->runController(Object(App\Controllers\ViewEmployee))
#2 C:\wamp64\www\maylancertechios\system\CodeIgniter.php(339): CodeIgniter\CodeIgniter->handleRequest(NULL, Object(Config\Cache), false)
#3 C:\wamp64\www\maylancertechios\public\index.php(36): CodeIgniter\CodeIgniter->run()
#4 {main}
CRITICAL - 2021-06-02 22:49:42 --> You must set the database table to be used with your query.
#0 C:\wamp64\www\maylancertechios\system\Model.php(602): CodeIgniter\Database\BaseConnection->table(NULL)
#1 C:\wamp64\www\maylancertechios\system\Model.php(798): CodeIgniter\Model->builder()
#2 C:\wamp64\www\maylancertechios\app\Controllers\UpdateEmployee.php(9): CodeIgniter\Model->__call('getEmp', Array)
#3 C:\wamp64\www\maylancertechios\system\CodeIgniter.php(931): App\Controllers\UpdateEmployee->index()
#4 C:\wamp64\www\maylancertechios\system\CodeIgniter.php(439): CodeIgniter\CodeIgniter->runController(Object(App\Controllers\UpdateEmployee))
#5 C:\wamp64\www\maylancertechios\system\CodeIgniter.php(339): CodeIgniter\CodeIgniter->handleRequest(NULL, Object(Config\Cache), false)
#6 C:\wamp64\www\maylancertechios\public\index.php(36): CodeIgniter\CodeIgniter->run()
#7 {main}
