CRITICAL - 2021-06-14 03:50:51 --> Undefined property: stdClass::$level
#0 C:\wamp64\www\sldc\app\Views\productsCategoryView.php(54): CodeIgniter\Debug\Exceptions->errorHandler(8, 'Undefined prope...', 'C:\\wamp64\\www\\s...', 54, Array)
#1 C:\wamp64\www\sldc\system\View\View.php(230): include('C:\\wamp64\\www\\s...')
#2 C:\wamp64\www\sldc\system\View\View.php(232): CodeIgniter\View\View->CodeIgniter\View\{closure}()
#3 C:\wamp64\www\sldc\system\Common.php(1250): CodeIgniter\View\View->render('productsCategor...', Array, true)
#4 C:\wamp64\www\sldc\app\Controllers\Products.php(20): view('productsCategor...', Array)
#5 C:\wamp64\www\sldc\system\CodeIgniter.php(931): App\Controllers\Products->category('Rapid cards')
#6 C:\wamp64\www\sldc\system\CodeIgniter.php(439): CodeIgniter\CodeIgniter->runController(Object(App\Controllers\Products))
#7 C:\wamp64\www\sldc\system\CodeIgniter.php(339): CodeIgniter\CodeIgniter->handleRequest(NULL, Object(Config\Cache), false)
#8 C:\wamp64\www\sldc\public\index.php(36): CodeIgniter\CodeIgniter->run()
#9 {main}
CRITICAL - 2021-06-14 17:27:39 --> Undefined variable: totalTime
#0 C:\wamp64\www\sldc\system\Debug\Toolbar\Views\toolbar.tpl.php(41): CodeIgniter\Debug\Exceptions->errorHandler(8, 'Undefined varia...', 'C:\\wamp64\\www\\s...', 41, Array)
#1 C:\wamp64\www\sldc\system\Debug\Toolbar.php(495): include('C:\\wamp64\\www\\s...')
#2 C:\wamp64\www\sldc\system\Debug\Toolbar.php(452): CodeIgniter\Debug\Toolbar->format(Array, 'html')
#3 C:\wamp64\www\sldc\app\Config\Events.php(52): CodeIgniter\Debug\Toolbar->respond()
#4 [internal function]: CodeIgniter\Events\Events::Config\{closure}()
#5 C:\wamp64\www\sldc\system\Events\Events.php(166): call_user_func(Object(Closure))
#6 C:\wamp64\www\sldc\system\CodeIgniter.php(319): CodeIgniter\Events\Events::trigger('pre_system')
#7 C:\wamp64\www\sldc\public\index.php(36): CodeIgniter\CodeIgniter->run()
#8 {main}
CRITICAL - 2021-06-14 17:28:23 --> Undefined property: stdClass::$level
#0 C:\wamp64\www\sldc\app\Views\productsCategoryView.php(54): CodeIgniter\Debug\Exceptions->errorHandler(8, 'Undefined prope...', 'C:\\wamp64\\www\\s...', 54, Array)
#1 C:\wamp64\www\sldc\system\View\View.php(230): include('C:\\wamp64\\www\\s...')
#2 C:\wamp64\www\sldc\system\View\View.php(232): CodeIgniter\View\View->CodeIgniter\View\{closure}()
#3 C:\wamp64\www\sldc\system\Common.php(1250): CodeIgniter\View\View->render('productsCategor...', Array, true)
#4 C:\wamp64\www\sldc\app\Controllers\Products.php(20): view('productsCategor...', Array)
#5 C:\wamp64\www\sldc\system\CodeIgniter.php(931): App\Controllers\Products->category('Rapid cards')
#6 C:\wamp64\www\sldc\system\CodeIgniter.php(439): CodeIgniter\CodeIgniter->runController(Object(App\Controllers\Products))
#7 C:\wamp64\www\sldc\system\CodeIgniter.php(339): CodeIgniter\CodeIgniter->handleRequest(NULL, Object(Config\Cache), false)
#8 C:\wamp64\www\sldc\public\index.php(36): CodeIgniter\CodeIgniter->run()
#9 {main}
CRITICAL - 2021-06-14 17:28:40 --> Undefined property: stdClass::$level
#0 C:\wamp64\www\sldc\app\Views\productsCategoryView.php(54): CodeIgniter\Debug\Exceptions->errorHandler(8, 'Undefined prope...', 'C:\\wamp64\\www\\s...', 54, Array)
#1 C:\wamp64\www\sldc\system\View\View.php(230): include('C:\\wamp64\\www\\s...')
#2 C:\wamp64\www\sldc\system\View\View.php(232): CodeIgniter\View\View->CodeIgniter\View\{closure}()
#3 C:\wamp64\www\sldc\system\Common.php(1250): CodeIgniter\View\View->render('productsCategor...', Array, true)
#4 C:\wamp64\www\sldc\app\Controllers\Products.php(20): view('productsCategor...', Array)
#5 C:\wamp64\www\sldc\system\CodeIgniter.php(931): App\Controllers\Products->category('Urine strips')
#6 C:\wamp64\www\sldc\system\CodeIgniter.php(439): CodeIgniter\CodeIgniter->runController(Object(App\Controllers\Products))
#7 C:\wamp64\www\sldc\system\CodeIgniter.php(339): CodeIgniter\CodeIgniter->handleRequest(NULL, Object(Config\Cache), false)
#8 C:\wamp64\www\sldc\public\index.php(36): CodeIgniter\CodeIgniter->run()
#9 {main}
CRITICAL - 2021-06-14 17:28:48 --> Undefined property: stdClass::$level
#0 C:\wamp64\www\sldc\app\Views\productsCategoryView.php(54): CodeIgniter\Debug\Exceptions->errorHandler(8, 'Undefined prope...', 'C:\\wamp64\\www\\s...', 54, Array)
#1 C:\wamp64\www\sldc\system\View\View.php(230): include('C:\\wamp64\\www\\s...')
#2 C:\wamp64\www\sldc\system\View\View.php(232): CodeIgniter\View\View->CodeIgniter\View\{closure}()
#3 C:\wamp64\www\sldc\system\Common.php(1250): CodeIgniter\View\View->render('productsCategor...', Array, true)
#4 C:\wamp64\www\sldc\app\Controllers\Products.php(20): view('productsCategor...', Array)
#5 C:\wamp64\www\sldc\system\CodeIgniter.php(931): App\Controllers\Products->category('Machineries')
#6 C:\wamp64\www\sldc\system\CodeIgniter.php(439): CodeIgniter\CodeIgniter->runController(Object(App\Controllers\Products))
#7 C:\wamp64\www\sldc\system\CodeIgniter.php(339): CodeIgniter\CodeIgniter->handleRequest(NULL, Object(Config\Cache), false)
#8 C:\wamp64\www\sldc\public\index.php(36): CodeIgniter\CodeIgniter->run()
#9 {main}
CRITICAL - 2021-06-14 19:01:55 --> Undefined property: stdClass::$image
#0 C:\wamp64\www\sldc\app\Views\productsView.php(49): CodeIgniter\Debug\Exceptions->errorHandler(8, 'Undefined prope...', 'C:\\wamp64\\www\\s...', 49, Array)
#1 C:\wamp64\www\sldc\system\View\View.php(230): include('C:\\wamp64\\www\\s...')
#2 C:\wamp64\www\sldc\system\View\View.php(232): CodeIgniter\View\View->CodeIgniter\View\{closure}()
#3 C:\wamp64\www\sldc\system\Common.php(1250): CodeIgniter\View\View->render('productsView', Array, true)
#4 C:\wamp64\www\sldc\app\Controllers\Products.php(13): view('productsView', Array)
#5 C:\wamp64\www\sldc\system\CodeIgniter.php(931): App\Controllers\Products->index()
#6 C:\wamp64\www\sldc\system\CodeIgniter.php(439): CodeIgniter\CodeIgniter->runController(Object(App\Controllers\Products))
#7 C:\wamp64\www\sldc\system\CodeIgniter.php(339): CodeIgniter\CodeIgniter->handleRequest(NULL, Object(Config\Cache), false)
#8 C:\wamp64\www\sldc\public\index.php(36): CodeIgniter\CodeIgniter->run()
#9 {main}
CRITICAL - 2021-06-14 19:03:42 --> Undefined property: stdClass::$image
#0 C:\wamp64\www\sldc\app\Views\productsView.php(49): CodeIgniter\Debug\Exceptions->errorHandler(8, 'Undefined prope...', 'C:\\wamp64\\www\\s...', 49, Array)
#1 C:\wamp64\www\sldc\system\View\View.php(230): include('C:\\wamp64\\www\\s...')
#2 C:\wamp64\www\sldc\system\View\View.php(232): CodeIgniter\View\View->CodeIgniter\View\{closure}()
#3 C:\wamp64\www\sldc\system\Common.php(1250): CodeIgniter\View\View->render('productsView', Array, true)
#4 C:\wamp64\www\sldc\app\Controllers\Products.php(13): view('productsView', Array)
#5 C:\wamp64\www\sldc\system\CodeIgniter.php(931): App\Controllers\Products->index()
#6 C:\wamp64\www\sldc\system\CodeIgniter.php(439): CodeIgniter\CodeIgniter->runController(Object(App\Controllers\Products))
#7 C:\wamp64\www\sldc\system\CodeIgniter.php(339): CodeIgniter\CodeIgniter->handleRequest(NULL, Object(Config\Cache), false)
#8 C:\wamp64\www\sldc\public\index.php(36): CodeIgniter\CodeIgniter->run()
#9 {main}
CRITICAL - 2021-06-14 19:12:50 --> Undefined property: stdClass::$image
#0 C:\wamp64\www\sldc\app\Views\productsView.php(49): CodeIgniter\Debug\Exceptions->errorHandler(8, 'Undefined prope...', 'C:\\wamp64\\www\\s...', 49, Array)
#1 C:\wamp64\www\sldc\system\View\View.php(230): include('C:\\wamp64\\www\\s...')
#2 C:\wamp64\www\sldc\system\View\View.php(232): CodeIgniter\View\View->CodeIgniter\View\{closure}()
#3 C:\wamp64\www\sldc\system\Common.php(1250): CodeIgniter\View\View->render('productsView', Array, true)
#4 C:\wamp64\www\sldc\app\Controllers\Products.php(13): view('productsView', Array)
#5 C:\wamp64\www\sldc\system\CodeIgniter.php(931): App\Controllers\Products->index()
#6 C:\wamp64\www\sldc\system\CodeIgniter.php(439): CodeIgniter\CodeIgniter->runController(Object(App\Controllers\Products))
#7 C:\wamp64\www\sldc\system\CodeIgniter.php(339): CodeIgniter\CodeIgniter->handleRequest(NULL, Object(Config\Cache), false)
#8 C:\wamp64\www\sldc\public\index.php(36): CodeIgniter\CodeIgniter->run()
#9 {main}
CRITICAL - 2021-06-14 19:20:52 --> Undefined property: stdClass::$image
#0 C:\wamp64\www\sldc\app\Views\productsView.php(49): CodeIgniter\Debug\Exceptions->errorHandler(8, 'Undefined prope...', 'C:\\wamp64\\www\\s...', 49, Array)
#1 C:\wamp64\www\sldc\system\View\View.php(230): include('C:\\wamp64\\www\\s...')
#2 C:\wamp64\www\sldc\system\View\View.php(232): CodeIgniter\View\View->CodeIgniter\View\{closure}()
#3 C:\wamp64\www\sldc\system\Common.php(1250): CodeIgniter\View\View->render('productsView', Array, true)
#4 C:\wamp64\www\sldc\app\Controllers\Products.php(13): view('productsView', Array)
#5 C:\wamp64\www\sldc\system\CodeIgniter.php(931): App\Controllers\Products->index()
#6 C:\wamp64\www\sldc\system\CodeIgniter.php(439): CodeIgniter\CodeIgniter->runController(Object(App\Controllers\Products))
#7 C:\wamp64\www\sldc\system\CodeIgniter.php(339): CodeIgniter\CodeIgniter->handleRequest(NULL, Object(Config\Cache), false)
#8 C:\wamp64\www\sldc\public\index.php(36): CodeIgniter\CodeIgniter->run()
#9 {main}
CRITICAL - 2021-06-14 21:03:03 --> Undefined variable: rowCategory
#0 C:\wamp64\www\sldc\app\Views\productsCategoryView.php(50): CodeIgniter\Debug\Exceptions->errorHandler(8, 'Undefined varia...', 'C:\\wamp64\\www\\s...', 50, Array)
#1 C:\wamp64\www\sldc\system\View\View.php(230): include('C:\\wamp64\\www\\s...')
#2 C:\wamp64\www\sldc\system\View\View.php(232): CodeIgniter\View\View->CodeIgniter\View\{closure}()
#3 C:\wamp64\www\sldc\system\Common.php(1250): CodeIgniter\View\View->render('productsCategor...', Array, true)
#4 C:\wamp64\www\sldc\app\Controllers\Products.php(20): view('productsCategor...', Array)
#5 C:\wamp64\www\sldc\system\CodeIgniter.php(931): App\Controllers\Products->category('Rapid cards')
#6 C:\wamp64\www\sldc\system\CodeIgniter.php(439): CodeIgniter\CodeIgniter->runController(Object(App\Controllers\Products))
#7 C:\wamp64\www\sldc\system\CodeIgniter.php(339): CodeIgniter\CodeIgniter->handleRequest(NULL, Object(Config\Cache), false)
#8 C:\wamp64\www\sldc\public\index.php(36): CodeIgniter\CodeIgniter->run()
#9 {main}
CRITICAL - 2021-06-14 21:24:50 --> Undefined property: stdClass::$level
#0 C:\wamp64\www\sldc\app\Views\productsCategoryView.php(54): CodeIgniter\Debug\Exceptions->errorHandler(8, 'Undefined prope...', 'C:\\wamp64\\www\\s...', 54, Array)
#1 C:\wamp64\www\sldc\system\View\View.php(230): include('C:\\wamp64\\www\\s...')
#2 C:\wamp64\www\sldc\system\View\View.php(232): CodeIgniter\View\View->CodeIgniter\View\{closure}()
#3 C:\wamp64\www\sldc\system\Common.php(1250): CodeIgniter\View\View->render('productsCategor...', Array, true)
#4 C:\wamp64\www\sldc\app\Controllers\Products.php(20): view('productsCategor...', Array)
#5 C:\wamp64\www\sldc\system\CodeIgniter.php(931): App\Controllers\Products->category('Rapid cards')
#6 C:\wamp64\www\sldc\system\CodeIgniter.php(439): CodeIgniter\CodeIgniter->runController(Object(App\Controllers\Products))
#7 C:\wamp64\www\sldc\system\CodeIgniter.php(339): CodeIgniter\CodeIgniter->handleRequest(NULL, Object(Config\Cache), false)
#8 C:\wamp64\www\sldc\public\index.php(36): CodeIgniter\CodeIgniter->run()
#9 {main}
CRITICAL - 2021-06-14 21:25:12 --> Undefined property: stdClass::$level
#0 C:\wamp64\www\sldc\app\Views\productsCategoryView.php(54): CodeIgniter\Debug\Exceptions->errorHandler(8, 'Undefined prope...', 'C:\\wamp64\\www\\s...', 54, Array)
#1 C:\wamp64\www\sldc\system\View\View.php(230): include('C:\\wamp64\\www\\s...')
#2 C:\wamp64\www\sldc\system\View\View.php(232): CodeIgniter\View\View->CodeIgniter\View\{closure}()
#3 C:\wamp64\www\sldc\system\Common.php(1250): CodeIgniter\View\View->render('productsCategor...', Array, true)
#4 C:\wamp64\www\sldc\app\Controllers\Products.php(20): view('productsCategor...', Array)
#5 C:\wamp64\www\sldc\system\CodeIgniter.php(931): App\Controllers\Products->category('Urine strips')
#6 C:\wamp64\www\sldc\system\CodeIgniter.php(439): CodeIgniter\CodeIgniter->runController(Object(App\Controllers\Products))
#7 C:\wamp64\www\sldc\system\CodeIgniter.php(339): CodeIgniter\CodeIgniter->handleRequest(NULL, Object(Config\Cache), false)
#8 C:\wamp64\www\sldc\public\index.php(36): CodeIgniter\CodeIgniter->run()
#9 {main}
CRITICAL - 2021-06-14 21:25:20 --> Undefined property: stdClass::$level
#0 C:\wamp64\www\sldc\app\Views\productsCategoryView.php(54): CodeIgniter\Debug\Exceptions->errorHandler(8, 'Undefined prope...', 'C:\\wamp64\\www\\s...', 54, Array)
#1 C:\wamp64\www\sldc\system\View\View.php(230): include('C:\\wamp64\\www\\s...')
#2 C:\wamp64\www\sldc\system\View\View.php(232): CodeIgniter\View\View->CodeIgniter\View\{closure}()
#3 C:\wamp64\www\sldc\system\Common.php(1250): CodeIgniter\View\View->render('productsCategor...', Array, true)
#4 C:\wamp64\www\sldc\app\Controllers\Products.php(20): view('productsCategor...', Array)
#5 C:\wamp64\www\sldc\system\CodeIgniter.php(931): App\Controllers\Products->category('Machineries')
#6 C:\wamp64\www\sldc\system\CodeIgniter.php(439): CodeIgniter\CodeIgniter->runController(Object(App\Controllers\Products))
#7 C:\wamp64\www\sldc\system\CodeIgniter.php(339): CodeIgniter\CodeIgniter->handleRequest(NULL, Object(Config\Cache), false)
#8 C:\wamp64\www\sldc\public\index.php(36): CodeIgniter\CodeIgniter->run()
#9 {main}
