CRITICAL - 2021-06-11 21:02:17 --> Undefined property: stdClass::$level
#0 C:\wamp64\www\sldc\app\Views\productsCategoryView.php(54): CodeIgniter\Debug\Exceptions->errorHandler(8, 'Undefined prope...', 'C:\\wamp64\\www\\s...', 54, Array)
#1 C:\wamp64\www\sldc\system\View\View.php(230): include('C:\\wamp64\\www\\s...')
#2 C:\wamp64\www\sldc\system\View\View.php(232): CodeIgniter\View\View->CodeIgniter\View\{closure}()
#3 C:\wamp64\www\sldc\system\Common.php(1250): CodeIgniter\View\View->render('productsCategor...', Array, true)
#4 C:\wamp64\www\sldc\app\Controllers\Products.php(20): view('productsCategor...', Array)
#5 C:\wamp64\www\sldc\system\CodeIgniter.php(931): App\Controllers\Products->category('Urine strips')
#6 C:\wamp64\www\sldc\system\CodeIgniter.php(439): CodeIgniter\CodeIgniter->runController(Object(App\Controllers\Products))
#7 C:\wamp64\www\sldc\system\CodeIgniter.php(339): CodeIgniter\CodeIgniter->handleRequest(NULL, Object(Config\Cache), false)
#8 C:\wamp64\www\sldc\public\index.php(36): CodeIgniter\CodeIgniter->run()
#9 {main}
CRITICAL - 2021-06-11 21:02:33 --> Undefined property: stdClass::$level
#0 C:\wamp64\www\sldc\app\Views\productsCategoryView.php(54): CodeIgniter\Debug\Exceptions->errorHandler(8, 'Undefined prope...', 'C:\\wamp64\\www\\s...', 54, Array)
#1 C:\wamp64\www\sldc\system\View\View.php(230): include('C:\\wamp64\\www\\s...')
#2 C:\wamp64\www\sldc\system\View\View.php(232): CodeIgniter\View\View->CodeIgniter\View\{closure}()
#3 C:\wamp64\www\sldc\system\Common.php(1250): CodeIgniter\View\View->render('productsCategor...', Array, true)
#4 C:\wamp64\www\sldc\app\Controllers\Products.php(20): view('productsCategor...', Array)
#5 C:\wamp64\www\sldc\system\CodeIgniter.php(931): App\Controllers\Products->category('Rapid cards')
#6 C:\wamp64\www\sldc\system\CodeIgniter.php(439): CodeIgniter\CodeIgniter->runController(Object(App\Controllers\Products))
#7 C:\wamp64\www\sldc\system\CodeIgniter.php(339): CodeIgniter\CodeIgniter->handleRequest(NULL, Object(Config\Cache), false)
#8 C:\wamp64\www\sldc\public\index.php(36): CodeIgniter\CodeIgniter->run()
#9 {main}
